Using pre-set license
Built from '2021.1/release' branch; Version is '2021.1.1f1 (6fdc41dfa55a) revision 7330881'; Using compiler version '192528614'; Build Type 'Release'
OS: 'Windows 10 Pro; OS build 19042.867; Version 2009; 64bit' Language: 'de' Physical Memory: 16244 MB
BatchMode: 1, IsHumanControllingUs: 0, StartBugReporterOnCrash: 0, Is64bit: 1, IsPro: 0

 COMMAND LINE ARGUMENTS:
C:\Program Files\Unity\Hub\Editor\2021.1.1f1\Editor\Unity.exe
-adb2
-batchMode
-noUpm
-name
AssetImportWorker2
-projectPath
D:/Tools/Unity/Projects/GA-Projektarbeit/CandleKnight/CandleKnight
-logFile
Logs/AssetImportWorker2.log
-srvPort
60071
Successfully changed project path to: D:/Tools/Unity/Projects/GA-Projektarbeit/CandleKnight/CandleKnight
D:/Tools/Unity/Projects/GA-Projektarbeit/CandleKnight/CandleKnight
Using Asset Import Pipeline V2.
Refreshing native plugins compatible for Editor in 116.38 ms, found 1 plugins.
Preloading 0 native plugins for Editor in 0.00 ms.
Initialize engine version: 2021.1.1f1 (6fdc41dfa55a)
[Subsystems] Discovering subsystems at path C:/Program Files/Unity/Hub/Editor/2021.1.1f1/Editor/Data/Resources/UnitySubsystems
[Subsystems] Discovering subsystems at path D:/Tools/Unity/Projects/GA-Projektarbeit/CandleKnight/CandleKnight/Assets
GfxDevice: creating device client; threaded=0; jobified=0
Direct3D:
    Version:  Direct3D 11.0 [level 11.1]
    Renderer: NVIDIA GeForce RTX 3070 (ID=0x2484)
    Vendor:   NVIDIA
    VRAM:     8043 MB
    Driver:   27.21.14.6140
Initialize mono
Mono path[0] = 'C:/Program Files/Unity/Hub/Editor/2021.1.1f1/Editor/Data/Managed'
Mono path[1] = 'C:/Program Files/Unity/Hub/Editor/2021.1.1f1/Editor/Data/MonoBleedingEdge/lib/mono/unityjit'
Mono config path = 'C:/Program Files/Unity/Hub/Editor/2021.1.1f1/Editor/Data/MonoBleedingEdge/etc'
Using monoOptions --debugger-agent=transport=dt_socket,embedding=1,server=y,suspend=n,address=127.0.0.1:56276
Begin MonoManager ReloadAssembly
Registering precompiled unity dll's ...
Register platform support module: C:/Program Files/Unity/Hub/Editor/2021.1.1f1/Editor/Data/PlaybackEngines/WindowsStandaloneSupport/UnityEditor.WindowsStandalone.Extensions.dll
Registered in 0.003894 seconds.
Native extension for WindowsStandalone target not found
Refreshing native plugins compatible for Editor in 115.99 ms, found 1 plugins.
Preloading 0 native plugins for Editor in 0.00 ms.
Mono: successfully reloaded assembly
- Completed reload, in  1.882 seconds
Platform modules already initialized, skipping
Registering precompiled user dll's ...
Registered in 0.016990 seconds.
Begin MonoManager ReloadAssembly
Native extension for WindowsStandalone target not found
Refreshing native plugins compatible for Editor in 142.58 ms, found 1 plugins.
Preloading 0 native plugins for Editor in 0.00 ms.
Mono: successfully reloaded assembly
- Completed reload, in  1.813 seconds
Platform modules already initialized, skipping
========================================================================
Worker process is ready to serve import requests
Shader 'Universal Render Pipeline/Particles/Lit': fallback shader 'Universal Render Pipeline/Particles/SimpleLit' not found
Shader 'Universal Render Pipeline/Particles/Lit': fallback shader 'Universal Render Pipeline/Particles/SimpleLit' not found
Launched and connected shader compiler UnityShaderCompiler.exe after 0.07 seconds
Refreshing native plugins compatible for Editor in 1.31 ms, found 1 plugins.
Preloading 0 native plugins for Editor in 0.00 ms.
Unloading 3993 Unused Serialized files (Serialized files now loaded: 0)
System memory in use before: 157.3 MB.
System memory in use after: 154.7 MB.

Unloading 49 unused Assets to reduce memory usage. Loaded Objects now: 4412.
Total: 4.418800 ms (FindLiveObjects: 0.433400 ms CreateObjectMapping: 0.435500 ms MarkObjects: 2.431500 ms  DeleteObjects: 1.117200 ms)

========================================================================
Received Import Request.
  path: Assets/Scenes
  artifactKey: Guid(7e7f3e9723bc5ba44b1349df76a1c7f4) Importer(815301076,1909f56bfc062723c751e8b465ee728b)
Start importing Assets/Scenes using Guid(7e7f3e9723bc5ba44b1349df76a1c7f4) Importer(815301076,1909f56bfc062723c751e8b465ee728b)  -> (artifact id: '0052b950e662889c1b82d834fbe88ee3') in 0.052130 seconds 
========================================================================
Received Import Request.
  Time since last request: 0.768648 seconds.
  path: Assets/Scenes/SampleScene.unity
  artifactKey: Guid(9fc0d4010bbf28b4594072e72b8655ab) Importer(815301076,1909f56bfc062723c751e8b465ee728b)
Start importing Assets/Scenes/SampleScene.unity using Guid(9fc0d4010bbf28b4594072e72b8655ab) Importer(815301076,1909f56bfc062723c751e8b465ee728b)  -> (artifact id: '3ed7a6629b5c76c9507c33bba8c09acd') in 0.052485 seconds 
========================================================================
Received Import Request.
  Time since last request: 67.948821 seconds.
  path: Assets/PolygonKnights/Materials/PolyKnights_Character_Mat_Blue.mat
  artifactKey: Guid(396f7abc9b4541548968e21a142b20d0) Importer(815301076,1909f56bfc062723c751e8b465ee728b)
Start importing Assets/PolygonKnights/Materials/PolyKnights_Character_Mat_Blue.mat using Guid(396f7abc9b4541548968e21a142b20d0) Importer(815301076,1909f56bfc062723c751e8b465ee728b)  -> (artifact id: '74bd63c6db9012ac435f2940f9cc5d23') in 0.413516 seconds 
========================================================================
Received Import Request.
  Time since last request: 0.000298 seconds.
  path: Assets/URP/ExampleAssets/Materials/Strap_Mat.mat
  artifactKey: Guid(81c1860e7800e5340bf8a54c565ba9ea) Importer(815301076,1909f56bfc062723c751e8b465ee728b)
Start importing Assets/URP/ExampleAssets/Materials/Strap_Mat.mat using Guid(81c1860e7800e5340bf8a54c565ba9ea) Importer(815301076,1909f56bfc062723c751e8b465ee728b)  -> (artifact id: 'd84a343c31a716d2ed502a142945c845') in 0.633877 seconds 
========================================================================
Received Import Request.
  Time since last request: 0.000264 seconds.
  path: Assets/PolygonKnights/Materials/PolyKnights_Character_Mat_Yellow.mat
  artifactKey: Guid(84d244f5382d34e4ea928b070302fb7b) Importer(815301076,1909f56bfc062723c751e8b465ee728b)
Start importing Assets/PolygonKnights/Materials/PolyKnights_Character_Mat_Yellow.mat using Guid(84d244f5382d34e4ea928b070302fb7b) Importer(815301076,1909f56bfc062723c751e8b465ee728b)  -> (artifact id: '7bb50ed0a7ed50350a148055cf75efe1') in 0.057810 seconds 
========================================================================
Received Import Request.
  Time since last request: 0.000245 seconds.
  path: Assets/PolygonKnights/Materials/PolyKnights_Mat_Variation_02_Dark.mat
  artifactKey: Guid(03e2749ed3366a943a0b176f88f5cdf6) Importer(815301076,1909f56bfc062723c751e8b465ee728b)
Start importing Assets/PolygonKnights/Materials/PolyKnights_Mat_Variation_02_Dark.mat using Guid(03e2749ed3366a943a0b176f88f5cdf6) Importer(815301076,1909f56bfc062723c751e8b465ee728b)  -> (artifact id: 'b774f50159752ac3dcca5f1bbddf3bcf') in 0.064579 seconds 
========================================================================
Received Import Request.
  Time since last request: 0.000239 seconds.
  path: Assets/PolygonKnights/Materials/PolyKnights_Mat_Variation_03_Dark.mat
  artifactKey: Guid(f4370b1a470420149b4594453c7c25d2) Importer(815301076,1909f56bfc062723c751e8b465ee728b)
Start importing Assets/PolygonKnights/Materials/PolyKnights_Mat_Variation_03_Dark.mat using Guid(f4370b1a470420149b4594453c7c25d2) Importer(815301076,1909f56bfc062723c751e8b465ee728b)  -> (artifact id: 'aef95eb0db13e822b9ab8d6481200055') in 0.062453 seconds 
========================================================================
Received Import Request.
  Time since last request: 0.000200 seconds.
  path: Assets/PolygonKnights/Materials/PolyKnights_Mat_Variation_Snow_To_Grass_Swap.mat
  artifactKey: Guid(721aadf0358b16248bca382321fdf539) Importer(815301076,1909f56bfc062723c751e8b465ee728b)
Start importing Assets/PolygonKnights/Materials/PolyKnights_Mat_Variation_Snow_To_Grass_Swap.mat using Guid(721aadf0358b16248bca382321fdf539) Importer(815301076,1909f56bfc062723c751e8b465ee728b)  -> (artifact id: 'bbc5656378cf4463e26c92012c88215e') in 0.068630 seconds 
========================================================================
Received Import Request.
  Time since last request: 0.000236 seconds.
  path: Assets/PolygonKnights/Materials/PolyKnights_Mat_01.mat
  artifactKey: Guid(31b16fd87cf33014c946e9d512d1e03c) Importer(815301076,1909f56bfc062723c751e8b465ee728b)
Start importing Assets/PolygonKnights/Materials/PolyKnights_Mat_01.mat using Guid(31b16fd87cf33014c946e9d512d1e03c) Importer(815301076,1909f56bfc062723c751e8b465ee728b)  -> (artifact id: '61ff9c710801c237d056b54b275a5bac') in 0.058294 seconds 
========================================================================
Received Import Request.
  Time since last request: 0.000227 seconds.
  path: Assets/PolygonKnights/Materials/PolyKnights_Mat_01_Dark.mat
  artifactKey: Guid(0bd927a906edd1a4083e71be716697ff) Importer(815301076,1909f56bfc062723c751e8b465ee728b)
Start importing Assets/PolygonKnights/Materials/PolyKnights_Mat_01_Dark.mat using Guid(0bd927a906edd1a4083e71be716697ff) Importer(815301076,1909f56bfc062723c751e8b465ee728b)  -> (artifact id: '497423fb9936cffdf7aa624c5af7d1b7') in 0.051330 seconds 
========================================================================
Received Import Request.
  Time since last request: 0.000260 seconds.
  path: Assets/PolygonKnights/Materials/PolyKnights_Mat_Variation_04_Dark.mat
  artifactKey: Guid(f9cb4bce489fa5341b4e11ec3d2f70fd) Importer(815301076,1909f56bfc062723c751e8b465ee728b)
Start importing Assets/PolygonKnights/Materials/PolyKnights_Mat_Variation_04_Dark.mat using Guid(f9cb4bce489fa5341b4e11ec3d2f70fd) Importer(815301076,1909f56bfc062723c751e8b465ee728b)  -> (artifact id: 'e8749b10c4640b66089cd51f894978e7') in 0.057847 seconds 
========================================================================
Received Import Request.
  Time since last request: 0.000292 seconds.
  path: Assets/PolygonKnights/Materials/PolyKnights_Mat_Variation_04.mat
  artifactKey: Guid(32088d00f5b8e234db93a169565266ff) Importer(815301076,1909f56bfc062723c751e8b465ee728b)
Start importing Assets/PolygonKnights/Materials/PolyKnights_Mat_Variation_04.mat using Guid(32088d00f5b8e234db93a169565266ff) Importer(815301076,1909f56bfc062723c751e8b465ee728b)  -> (artifact id: '3e95611c4db465ca0869b7001a4893f1') in 0.054857 seconds 
========================================================================
Received Import Request.
  Time since last request: 0.000253 seconds.
  path: Assets/URP/Materials/Skybox_Mat.mat
  artifactKey: Guid(0ffaa0b7117ba8c47a9d05ae701d4b4d) Importer(815301076,1909f56bfc062723c751e8b465ee728b)
Start importing Assets/URP/Materials/Skybox_Mat.mat using Guid(0ffaa0b7117ba8c47a9d05ae701d4b4d) Importer(815301076,1909f56bfc062723c751e8b465ee728b)  -> (artifact id: '258b505988223cf4af6b2d586956d3b7') in 0.061073 seconds 
========================================================================
Received Import Request.
  Time since last request: 0.000319 seconds.
  path: Assets/PolygonKnights/Materials/Statue_Material.mat
  artifactKey: Guid(bafe633910a509649aeed6fbfe41e1a0) Importer(815301076,1909f56bfc062723c751e8b465ee728b)
Start importing Assets/PolygonKnights/Materials/Statue_Material.mat using Guid(bafe633910a509649aeed6fbfe41e1a0) Importer(815301076,1909f56bfc062723c751e8b465ee728b)  -> (artifact id: '858df8c9912f7b8e83f72fc717bdba77') in 0.054175 seconds 
========================================================================
Received Import Request.
  Time since last request: 0.000259 seconds.
  path: Assets/PolygonKnights/Materials/PolyKnights_Character_Mat_Orange.mat
  artifactKey: Guid(75a95c1a6b684504c93637e35347c475) Importer(815301076,1909f56bfc062723c751e8b465ee728b)
Start importing Assets/PolygonKnights/Materials/PolyKnights_Character_Mat_Orange.mat using Guid(75a95c1a6b684504c93637e35347c475) Importer(815301076,1909f56bfc062723c751e8b465ee728b)  -> (artifact id: '233949376a3527188afaf1bc6752c9ec') in 0.065024 seconds 
========================================================================
Received Import Request.
  Time since last request: 0.000237 seconds.
  path: Assets/PolygonKnights/Materials/PolyKnights_Mat_Variation_02.mat
  artifactKey: Guid(5b6cfe83aa80c3f49b9fc2465c359cbf) Importer(815301076,1909f56bfc062723c751e8b465ee728b)
Start importing Assets/PolygonKnights/Materials/PolyKnights_Mat_Variation_02.mat using Guid(5b6cfe83aa80c3f49b9fc2465c359cbf) Importer(815301076,1909f56bfc062723c751e8b465ee728b)  -> (artifact id: '7dba7097f753c264f63b6f91fc891daf') in 0.066911 seconds 
========================================================================
Received Import Request.
  Time since last request: 0.000215 seconds.
  path: Assets/PolygonKnights/Materials/PolyKnights_Mat_Variation_03.mat
  artifactKey: Guid(d99fb2a16888ab54a9160cf879c5589f) Importer(815301076,1909f56bfc062723c751e8b465ee728b)
Start importing Assets/PolygonKnights/Materials/PolyKnights_Mat_Variation_03.mat using Guid(d99fb2a16888ab54a9160cf879c5589f) Importer(815301076,1909f56bfc062723c751e8b465ee728b)  -> (artifact id: 'b372897d320256cc6c16992840c6810b') in 0.050119 seconds 
========================================================================
Received Import Request.
  Time since last request: 0.000356 seconds.
  path: Assets/Art/VFX/VFX_001_Flame_Savepoint/Shader Graphs_Flames_for_Bonfire_VFX 2.mat
  artifactKey: Guid(b98c540b981795f4da9eda6a8f189818) Importer(815301076,1909f56bfc062723c751e8b465ee728b)
Start importing Assets/Art/VFX/VFX_001_Flame_Savepoint/Shader Graphs_Flames_for_Bonfire_VFX 2.mat using Guid(b98c540b981795f4da9eda6a8f189818) Importer(815301076,1909f56bfc062723c751e8b465ee728b)  -> (artifact id: 'c4895410a0b0a43c4198427732a30b50') in 0.122796 seconds 
========================================================================
Received Import Request.
  Time since last request: 0.000224 seconds.
  path: Assets/URP/ExampleAssets/Materials/Stud_Mat.mat
  artifactKey: Guid(027cb3d3d7dc79d41ad763e01759de07) Importer(815301076,1909f56bfc062723c751e8b465ee728b)
Start importing Assets/URP/ExampleAssets/Materials/Stud_Mat.mat using Guid(027cb3d3d7dc79d41ad763e01759de07) Importer(815301076,1909f56bfc062723c751e8b465ee728b)  -> (artifact id: '636f5c2cd41f451e95ff8b24143b71b3') in 0.093794 seconds 
========================================================================
Received Import Request.
  Time since last request: 0.000257 seconds.
  path: Assets/URP/ExampleAssets/Models/safetyhat_low.fbx
  artifactKey: Guid(9d0d902f71acfe646a46cb625f815a49) Importer(815301076,1909f56bfc062723c751e8b465ee728b)
Start importing Assets/URP/ExampleAssets/Models/safetyhat_low.fbx using Guid(9d0d902f71acfe646a46cb625f815a49) Importer(815301076,1909f56bfc062723c751e8b465ee728b)  -> (artifact id: 'c054f9173e9fb1b061eea73eb4fd198c') in 0.465026 seconds 
========================================================================
Received Import Request.
  Time since last request: 0.000268 seconds.
  path: Assets/Art/VFX/VFX_001_Flame_Savepoint/Shader Graphs_Flames_for_Bonfire_VFX 1.mat
  artifactKey: Guid(dbf47aa16bcd01345a7124ff6a857f68) Importer(815301076,1909f56bfc062723c751e8b465ee728b)
Start importing Assets/Art/VFX/VFX_001_Flame_Savepoint/Shader Graphs_Flames_for_Bonfire_VFX 1.mat using Guid(dbf47aa16bcd01345a7124ff6a857f68) Importer(815301076,1909f56bfc062723c751e8b465ee728b)  -> (artifact id: 'c1a70663719a9f5b266b93f5c18270ff') in 0.078085 seconds 
========================================================================
Received Import Request.
  Time since last request: 41.867864 seconds.
  path: Assets/PolygonKnights
  artifactKey: Guid(c78331a27bb2a8b4ca468c68fa23b31c) Importer(815301076,1909f56bfc062723c751e8b465ee728b)
Start importing Assets/PolygonKnights using Guid(c78331a27bb2a8b4ca468c68fa23b31c) Importer(815301076,1909f56bfc062723c751e8b465ee728b)  -> (artifact id: 'e1077ae93bc49f021f9ff818eefcd34c') in 0.044618 seconds 
========================================================================
Received Import Request.
  Time since last request: 2.164856 seconds.
  path: Assets/PolygonKnights/Materials
  artifactKey: Guid(627c70d345db94d418a2e85584655f11) Importer(815301076,1909f56bfc062723c751e8b465ee728b)
Start importing Assets/PolygonKnights/Materials using Guid(627c70d345db94d418a2e85584655f11) Importer(815301076,1909f56bfc062723c751e8b465ee728b)  -> (artifact id: '84a779545095bcf0edd07e49dc965510') in 0.049071 seconds 
========================================================================
Received Import Request.
  Time since last request: 0.054912 seconds.
  path: Assets/PolygonKnights/Materials/PolyKnights_Character_Mat_Black.mat
  artifactKey: Guid(ccae2dc6cf6f0c4479b782fedd0c8172) Importer(815301076,1909f56bfc062723c751e8b465ee728b)
Start importing Assets/PolygonKnights/Materials/PolyKnights_Character_Mat_Black.mat using Guid(ccae2dc6cf6f0c4479b782fedd0c8172) Importer(815301076,1909f56bfc062723c751e8b465ee728b)  -> (artifact id: '1ed0d5d4d2ea0c69b25fa9d438c6a739') in 0.060460 seconds 
========================================================================
Received Import Request.
  Time since last request: 114.304617 seconds.
  path: Assets
  artifactKey: Guid(00000000000000001000000000000000) Importer(815301076,1909f56bfc062723c751e8b465ee728b)
Start importing Assets using Guid(00000000000000001000000000000000) Importer(815301076,1909f56bfc062723c751e8b465ee728b)  -> (artifact id: '98ffa0a5e8f73f3457f64fc720c11ab1') in 0.049453 seconds 
========================================================================
Received Import Request.
  Time since last request: 45.094332 seconds.
  path: Assets/URP/ExampleAssets/Models/safetygoggles_low.fbx
  artifactKey: Guid(6296e48663fd7ad46b1a2af507f871cf) Importer(815301076,1909f56bfc062723c751e8b465ee728b)
Start importing Assets/URP/ExampleAssets/Models/safetygoggles_low.fbx using Guid(6296e48663fd7ad46b1a2af507f871cf) Importer(815301076,1909f56bfc062723c751e8b465ee728b)  -> (artifact id: 'bf208a50aa8beb1a9cdc3c569881dbf2') in 0.679438 seconds 
========================================================================
Received Import Request.
  Time since last request: 0.000220 seconds.
  path: Assets/URP/ExampleAssets/Materials/Plastic_Transparent.mat
  artifactKey: Guid(8a38b7350df9a9c438e568993a00e5c5) Importer(815301076,1909f56bfc062723c751e8b465ee728b)
Start importing Assets/URP/ExampleAssets/Materials/Plastic_Transparent.mat using Guid(8a38b7350df9a9c438e568993a00e5c5) Importer(815301076,1909f56bfc062723c751e8b465ee728b)  -> (artifact id: '5303e7c808031c8c39d74ae47dfde3b4') in 0.063283 seconds 
========================================================================
Received Import Request.
  Time since last request: 0.000369 seconds.
  path: Assets/URP/ExampleAssets/Models/magneticlevel_low.fbx
  artifactKey: Guid(bae110eee250e4b418b188f4ae4e3170) Importer(815301076,1909f56bfc062723c751e8b465ee728b)
Start importing Assets/URP/ExampleAssets/Models/magneticlevel_low.fbx using Guid(bae110eee250e4b418b188f4ae4e3170) Importer(815301076,1909f56bfc062723c751e8b465ee728b)  -> (artifact id: '30a0864309d16221f72c881794751d7d') in 0.114436 seconds 
========================================================================
Received Import Request.
  Time since last request: 0.000218 seconds.
  path: Assets/URP/ExampleAssets/Materials/Plastic_Yellow_Mat.mat
  artifactKey: Guid(bd2d742ee2ce7a740ae0cf992a38be74) Importer(815301076,1909f56bfc062723c751e8b465ee728b)
Start importing Assets/URP/ExampleAssets/Materials/Plastic_Yellow_Mat.mat using Guid(bd2d742ee2ce7a740ae0cf992a38be74) Importer(815301076,1909f56bfc062723c751e8b465ee728b)  -> (artifact id: '0a88c1b0446fd4335708cc8ee60e321a') in 0.457938 seconds 
========================================================================
Received Import Request.
  Time since last request: 0.000217 seconds.
  path: Assets/URP/ExampleAssets/Models/paintbucket_low.fbx
  artifactKey: Guid(b451a052397f03c4f8a04d915d1c0492) Importer(815301076,1909f56bfc062723c751e8b465ee728b)
Start importing Assets/URP/ExampleAssets/Models/paintbucket_low.fbx using Guid(b451a052397f03c4f8a04d915d1c0492) Importer(815301076,1909f56bfc062723c751e8b465ee728b)  -> (artifact id: 'c3f46fae920d55347f2a8297836896c2') in 0.127384 seconds 
========================================================================
Received Import Request.
  Time since last request: 0.000225 seconds.
  path: Assets/URP/ExampleAssets/Models/Workbench.fbx
  artifactKey: Guid(efe9381559c516743bd05cef82f39ebb) Importer(815301076,1909f56bfc062723c751e8b465ee728b)
Start importing Assets/URP/ExampleAssets/Models/Workbench.fbx using Guid(efe9381559c516743bd05cef82f39ebb) Importer(815301076,1909f56bfc062723c751e8b465ee728b)  -> (artifact id: 'e4ffc52af39f0e315073cb7548e696d1') in 0.159139 seconds 
========================================================================
Received Import Request.
  Time since last request: 0.000387 seconds.
  path: Assets/URP/ExampleAssets/Materials/Plastic_White_Mat.mat
  artifactKey: Guid(6cfe423139c361a459da7ed9831d4b1c) Importer(815301076,1909f56bfc062723c751e8b465ee728b)
Start importing Assets/URP/ExampleAssets/Materials/Plastic_White_Mat.mat using Guid(6cfe423139c361a459da7ed9831d4b1c) Importer(815301076,1909f56bfc062723c751e8b465ee728b)  -> (artifact id: '3b187680b44ff2a03886ba6c2b8b7a22') in 0.059595 seconds 
========================================================================
Received Import Request.
  Time since last request: 0.000308 seconds.
  path: Assets/URP/ExampleAssets/Models/Workbench_Low.fbx
  artifactKey: Guid(ff6dc36862fe41641bb21568d92147c9) Importer(815301076,1909f56bfc062723c751e8b465ee728b)
Start importing Assets/URP/ExampleAssets/Models/Workbench_Low.fbx using Guid(ff6dc36862fe41641bb21568d92147c9) Importer(815301076,1909f56bfc062723c751e8b465ee728b)  -> (artifact id: '1ce3c9582e3c084a7a6043ffc381552f') in 0.146560 seconds 
========================================================================
Received Prepare
Registering precompiled user dll's ...
Registered in 0.090462 seconds.
Begin MonoManager ReloadAssembly
Native extension for WindowsStandalone target not found
Refreshing native plugins compatible for Editor in 122.18 ms, found 1 plugins.
Preloading 0 native plugins for Editor in 0.00 ms.
Mono: successfully reloaded assembly
- Completed reload, in  1.202 seconds
Platform modules already initialized, skipping
Shader 'Universal Render Pipeline/Particles/Lit': fallback shader 'Universal Render Pipeline/Particles/SimpleLit' not found
Shader 'Universal Render Pipeline/Particles/Lit': fallback shader 'Universal Render Pipeline/Particles/SimpleLit' not found
Refreshing native plugins compatible for Editor in 0.82 ms, found 1 plugins.
Preloading 0 native plugins for Editor in 0.00 ms.
Unloading 4741 Unused Serialized files (Serialized files now loaded: 0)
System memory in use before: 182.6 MB.
System memory in use after: 178.9 MB.

Unloading 108 unused Assets to reduce memory usage. Loaded Objects now: 5252.
Total: 5.192700 ms (FindLiveObjects: 0.541400 ms CreateObjectMapping: 0.295300 ms MarkObjects: 1.991300 ms  DeleteObjects: 2.363100 ms)

AssetImportParameters requested are different than current active one (requested -> active):
  custom:srp/default-shader: 0000e00a000e0de00000e000e0000000 -> 00a0da0d000000000000000000000000
========================================================================
Received Import Request.
  Time since last request: 302.922789 seconds.
  path: Assets/InputMaster.inputactions
  artifactKey: Guid(1885ed7bcbc9c624486c18b3e08fa2d0) Importer(815301076,1909f56bfc062723c751e8b465ee728b)
Start importing Assets/InputMaster.inputactions using Guid(1885ed7bcbc9c624486c18b3e08fa2d0) Importer(815301076,1909f56bfc062723c751e8b465ee728b) Diagnostics callstack to track who triggered the sub-import:
0x00007ff66dc4eef2 (Unity) ImporterAssetResolver::ResolveAsset
0x00007ff66dc21ad2 (Unity) ResolveArtifactV2
0x00007ff66dc394a0 (Unity) ImportToObjects
0x00007ff66dc387b8 (Unity) ImportAsset
0x00007ff66dbd5edf (Unity) AssetImportWorker::Import
0x00007ff66dbf8e82 (Unity) <lambda_9a0c3c600e605f826d039b184a304624>::operator()
0x00007ff66dc7d712 (Unity) asio::detail::completion_handler<core::mutable_function<void __cdecl(void)> >::do_complete
0x00007ff66dc7f980 (Unity) asio::detail::win_iocp_io_service::do_one
0x00007ff66dc8306e (Unity) asio::io_service::run
0x00007ff66dc226fa (Unity) RunAssetImportWorkerClientV2
0x00007ff66dc22750 (Unity) RunAssetImporterV2
0x00007ff66d7287c6 (Unity) Application::InitializeProject
0x00007ff66db35347 (Unity) WinMain
0x00007ff66f697832 (Unity) __scrt_common_main_seh
0x00007fff72007034 (KERNEL32) BaseThreadInitThunk
0x00007fff72142651 (ntdll) RtlUserThreadStart

Requesting import of Guid(1885ed7bcbc9c624486c18b3e08fa2d0) Importer(-1,00000000000000000000000000000000), Assets/InputMaster.inputactions from editor
Resuming Guid(1885ed7bcbc9c624486c18b3e08fa2d0) Importer(-1,00000000000000000000000000000000) -> 2220a13037111c128f41b3987b58456c 
Assertion failed on expression: 'state.state == kUpToDate'

Assertion failed on expression: 'state.artifactID == result'

Diagnostics callstack to track who triggered the sub-import:
0x00007ff66dc4eef2 (Unity) ImporterAssetResolver::ResolveAsset
0x00007ff66dc21ad2 (Unity) ResolveArtifactV2
0x00007ff66dc19e21 (Unity) ProduceArtifactV2
0x00007ff66dbb368e (Unity) AssetDatabase::ProduceArtifact
0x00007ff66db9ec28 (Unity) PreviewImporter::GenerateAssetData
0x00007ff66dc397be (Unity) ImportToObjects
0x00007ff66dc387b8 (Unity) ImportAsset
0x00007ff66dbd5edf (Unity) AssetImportWorker::Import
0x00007ff66dbf8e82 (Unity) <lambda_9a0c3c600e605f826d039b184a304624>::operator()
0x00007ff66dc7d712 (Unity) asio::detail::completion_handler<core::mutable_function<void __cdecl(void)> >::do_complete
0x00007ff66dc7f980 (Unity) asio::detail::win_iocp_io_service::do_one
0x00007ff66dc8306e (Unity) asio::io_service::run
0x00007ff66dc226fa (Unity) RunAssetImportWorkerClientV2
0x00007ff66dc22750 (Unity) RunAssetImporterV2
0x00007ff66d7287c6 (Unity) Application::InitializeProject
0x00007ff66db35347 (Unity) WinMain
0x00007ff66f697832 (Unity) __scrt_common_main_seh
0x00007fff72007034 (KERNEL32) BaseThreadInitThunk
0x00007fff72142651 (ntdll) RtlUserThreadStart

Requesting import of Guid(1885ed7bcbc9c624486c18b3e08fa2d0) Importer(-1,00000000000000000000000000000000), Assets/InputMaster.inputactions from editor
Resuming Guid(1885ed7bcbc9c624486c18b3e08fa2d0) Importer(-1,00000000000000000000000000000000) -> 2220a13037111c128f41b3987b58456c 
Assertion failed on expression: 'state.state == kUpToDate'

Assertion failed on expression: 'state.artifactID == result'

 -> (artifact id: '6b71b77774bb56b05a7340fb1cb21628') in 0.627104 seconds 
AssetImportWorkerClient::OnTransportError - code=2 error=End of file
